<?xml version="1.0" encoding="UTF-8"?>
<testng-results skipped="0" failed="0" ignored="0" total="2" passed="2">
  <reporter-output>
  </reporter-output>
  <suite name="Employee REst API Automation Script " duration-ms="6405" started-at="2018-05-06T15:57:54Z" finished-at="2018-05-06T15:58:00Z">
    <groups>
    </groups>
    <test name="Employee Information Services" duration-ms="6405" started-at="2018-05-06T15:57:54Z" finished-at="2018-05-06T15:58:00Z">
      <class name="rest.AllEmployeeRestServices">
        <test-method status="PASS" signature="callAllEmployeeResources()[pri:0, instance:rest.AllEmployeeRestServices@48503868]" name="callAllEmployeeResources" duration-ms="1988" started-at="2018-05-06T15:57:58Z" finished-at="2018-05-06T15:58:00Z">
          <reporter-output>
          </reporter-output>
        </test-method> <!-- callAllEmployeeResources -->
      </class> <!-- rest.AllEmployeeRestServices -->
      <class name="rest.SingleEmployeeResources">
        <test-method status="PASS" signature="callSingleEmployeeResources()[pri:0, instance:rest.SingleEmployeeResources@10bbd20a]" name="callSingleEmployeeResources" duration-ms="4395" started-at="2018-05-06T15:57:54Z" finished-at="2018-05-06T15:57:58Z">
          <reporter-output>
          </reporter-output>
        </test-method> <!-- callSingleEmployeeResources -->
      </class> <!-- rest.SingleEmployeeResources -->
    </test> <!-- Employee Information Services -->
  </suite> <!-- Employee REst API Automation Script  -->
</testng-results>
