<?xml version="1.0" encoding="UTF-8"?>
<!-- Generated by org.testng.reporters.JUnitXMLReporter -->
<testsuite hostname="PeopleNTechs-iMac.local" ignored="0" name="Employee Information Services" tests="2" failures="0" timestamp="06 May 2018 15:58:00 GMT" time="6.405" errors="0">
  <testcase name="callSingleEmployeeResources" time="4.395" classname="rest.SingleEmployeeResources"/>
  <testcase name="callAllEmployeeResources" time="1.988" classname="rest.AllEmployeeRestServices"/>
</testsuite> <!-- Employee Information Services -->
