<?xml version="1.0" encoding="UTF-8"?>
<testng-results skipped="0" failed="0" ignored="0" total="1" passed="1">
  <reporter-output>
  </reporter-output>
  <suite name="Command line suite" duration-ms="25" started-at="2018-04-15T18:05:02Z" finished-at="2018-04-15T18:05:02Z">
    <groups>
    </groups>
    <test name="Command line test" duration-ms="25" started-at="2018-04-15T18:05:02Z" finished-at="2018-04-15T18:05:02Z">
      <class name="search.TestSearch">
        <test-method status="PASS" signature="test2()[pri:0, instance:search.TestSearch@90f6bfd]" name="test2" duration-ms="6" started-at="2018-04-15T18:05:02Z" finished-at="2018-04-15T18:05:02Z">
          <reporter-output>
          </reporter-output>
        </test-method> <!-- test2 -->
      </class> <!-- search.TestSearch -->
    </test> <!-- Command line test -->
  </suite> <!-- Command line suite -->
</testng-results>
