<?xml version="1.0" encoding="UTF-8"?>
<!-- Generated by org.testng.reporters.JUnitXMLReporter -->
<testsuite hostname="PeopleNTechs-iMac.local" ignored="2" name="Pnt Forum" tests="2" failures="0" timestamp="28 Apr 2018 16:17:05 GMT" time="33.672" errors="0">
  <testcase name="logIn" time="7.577" classname="test.authentication.TestAuthentication"/>
  <testcase name="testPopUp" time="4.133" classname="test.authentication.TestPopUpWindow"/>
  <testcase name="@AfterSuite generateReport" time="0.0" classname="base.CommonAPI">
    <ignored/>
  </testcase> <!-- @AfterSuite generateReport -->
  <testcase name="@BeforeSuite extentSetup" time="0.0" classname="base.CommonAPI">
    <ignored/>
  </testcase> <!-- @BeforeSuite extentSetup -->
</testsuite> <!-- Pnt Forum -->
