<?xml version="1.0" encoding="UTF-8"?>
<testng-results skipped="0" failed="0" ignored="0" total="1" passed="1">
  <reporter-output>
    <line>
      <![CDATA[Extent Report Directory/Users/peoplentech/develop/automation/Web-Automation-Framework/W3schools/target/surefire-reports/html]]>
    </line>
    <line>
      <![CDATA[Browser is launched]]>
    </line>
    <line>
      <![CDATA[launch local browser]]>
    </line>
    <line>
      <![CDATA[TestReadDataFromTable: read]]>
    </line>
    <line>
      <![CDATA[TestReadDataFromTable: read Data]]>
    </line>
  </reporter-output>
  <suite name="testcelldata.TestReadDataFromTable" duration-ms="22710" started-at="2018-04-28T16:32:07Z" finished-at="2018-04-28T16:32:30Z">
    <groups>
    </groups>
    <test name="Command line test" duration-ms="22710" started-at="2018-04-28T16:32:07Z" finished-at="2018-04-28T16:32:30Z">
      <class name="testcelldata.TestReadDataFromTable">
        <test-method status="PASS" signature="extentSetup(org.testng.ITestContext)[pri:0, instance:testcelldata.TestReadDataFromTable@5f375618]" name="extentSetup" is-config="true" duration-ms="311" started-at="2018-04-28T16:32:07Z" finished-at="2018-04-28T16:32:07Z">
          <params>
            <param index="0">
              <value>
                <![CDATA[org.testng.TestRunner@6155d082]]>
              </value>
            </param>
          </params>
          <reporter-output>
            <line>
              <![CDATA[Extent Report Directory/Users/peoplentech/develop/automation/Web-Automation-Framework/W3schools/target/surefire-reports/html]]>
            </line>
          </reporter-output>
        </test-method> <!-- extentSetup -->
        <test-method status="PASS" signature="setUp(boolean, java.lang.String, java.lang.String, java.lang.String, java.lang.String, java.lang.String, java.lang.String)[pri:0, instance:testcelldata.TestReadDataFromTable@5f375618]" name="setUp" is-config="true" duration-ms="11377" started-at="2018-04-28T16:32:07Z" finished-at="2018-04-28T16:32:19Z">
          <params>
            <param index="0">
              <value>
                <![CDATA[false]]>
              </value>
            </param>
            <param index="1">
              <value>
                <![CDATA[false]]>
              </value>
            </param>
            <param index="2">
              <value>
                <![CDATA[OS X]]>
              </value>
            </param>
            <param index="3">
              <value>
                <![CDATA[10]]>
              </value>
            </param>
            <param index="4">
              <value>
                <![CDATA[firefox]]>
              </value>
            </param>
            <param index="5">
              <value>
                <![CDATA[34]]>
              </value>
            </param>
            <param index="6">
              <value>
                <![CDATA[http://www.amazon.com]]>
              </value>
            </param>
          </params>
          <reporter-output>
          </reporter-output>
        </test-method> <!-- setUp -->
        <test-method status="PASS" signature="startExtent(java.lang.reflect.Method)[pri:0, instance:testcelldata.TestReadDataFromTable@5f375618]" name="startExtent" is-config="true" duration-ms="4" started-at="2018-04-28T16:32:19Z" finished-at="2018-04-28T16:32:19Z">
          <params>
            <param index="0">
              <value>
                <![CDATA[public void testcelldata.TestReadDataFromTable.read()]]>
              </value>
            </param>
          </params>
          <reporter-output>
          </reporter-output>
        </test-method> <!-- startExtent -->
        <test-method status="PASS" signature="read()[pri:0, instance:testcelldata.TestReadDataFromTable@5f375618]" name="read" duration-ms="10418" started-at="2018-04-28T16:32:19Z" finished-at="2018-04-28T16:32:29Z">
          <reporter-output>
            <line>
              <![CDATA[Browser is launched]]>
            </line>
            <line>
              <![CDATA[launch local browser]]>
            </line>
            <line>
              <![CDATA[TestReadDataFromTable: read]]>
            </line>
            <line>
              <![CDATA[TestReadDataFromTable: read Data]]>
            </line>
          </reporter-output>
        </test-method> <!-- read -->
        <test-method status="PASS" signature="afterEachTestMethod(org.testng.ITestResult)[pri:0, instance:testcelldata.TestReadDataFromTable@5f375618]" name="afterEachTestMethod" is-config="true" duration-ms="898" started-at="2018-04-28T16:32:29Z" finished-at="2018-04-28T16:32:30Z">
          <params>
            <param index="0">
              <value>
                <![CDATA[[TestResult name=read status=SUCCESS method=TestReadDataFromTable.read()[pri:0, instance:testcelldata.TestReadDataFromTable@5f375618] output=Browser is launched]]]>
              </value>
            </param>
          </params>
          <reporter-output>
          </reporter-output>
        </test-method> <!-- afterEachTestMethod -->
        <test-method status="PASS" signature="afterMethod()[pri:0, instance:testcelldata.TestReadDataFromTable@5f375618]" name="afterMethod" is-config="true" duration-ms="0" started-at="2018-04-28T16:32:30Z" finished-at="2018-04-28T16:32:30Z">
          <reporter-output>
          </reporter-output>
        </test-method> <!-- afterMethod -->
        <test-method status="PASS" signature="generateReport()[pri:0, instance:testcelldata.TestReadDataFromTable@5f375618]" name="generateReport" is-config="true" duration-ms="34" started-at="2018-04-28T16:32:30Z" finished-at="2018-04-28T16:32:30Z">
          <reporter-output>
          </reporter-output>
        </test-method> <!-- generateReport -->
      </class> <!-- testcelldata.TestReadDataFromTable -->
    </test> <!-- Command line test -->
  </suite> <!-- testcelldata.TestReadDataFromTable -->
</testng-results>
