<?xml version="1.0" encoding="UTF-8"?>
<testng-results skipped="0" failed="0" ignored="0" total="1" passed="1">
  <reporter-output>
  </reporter-output>
  <suite name="Pnt Automation Script " duration-ms="14075" started-at="2018-04-22T15:10:02Z" finished-at="2018-04-22T15:10:17Z">
    <groups>
    </groups>
    <test name="Pnt Forum" duration-ms="14075" started-at="2018-04-22T15:10:02Z" finished-at="2018-04-22T15:10:17Z">
      <class name="test.authentication.TestAuthentication">
        <test-method status="PASS" signature="setUp(java.lang.String)[pri:0, instance:test.authentication.TestAuthentication@5d76b067]" name="setUp" is-config="true" duration-ms="6670" started-at="2018-04-22T15:10:02Z" finished-at="2018-04-22T15:10:09Z">
          <params>
            <param index="0">
              <value>
                <![CDATA[https://www.piit.us]]>
              </value>
            </param>
          </params>
          <reporter-output>
          </reporter-output>
        </test-method> <!-- setUp -->
        <test-method status="PASS" signature="logIn()[pri:0, instance:test.authentication.TestAuthentication@5d76b067]" name="logIn" duration-ms="7192" started-at="2018-04-22T15:10:09Z" finished-at="2018-04-22T15:10:16Z">
          <reporter-output>
          </reporter-output>
        </test-method> <!-- logIn -->
        <test-method status="PASS" signature="afterMethod()[pri:0, instance:test.authentication.TestAuthentication@5d76b067]" name="afterMethod" is-config="true" duration-ms="191" started-at="2018-04-22T15:10:16Z" finished-at="2018-04-22T15:10:17Z">
          <reporter-output>
          </reporter-output>
        </test-method> <!-- afterMethod -->
      </class> <!-- test.authentication.TestAuthentication -->
    </test> <!-- Pnt Forum -->
  </suite> <!-- Pnt Automation Script  -->
</testng-results>
